{"/home/john/Documents/School/csce431/Dashboard/server/index.js":{"path":"/home/john/Documents/School/csce431/Dashboard/server/index.js","s":{"1":1,"2":1,"3":0},"b":{},"f":{},"fnMap":{},"statementMap":{"1":{"start":{"line":2,"column":0},"end":{"line":2,"column":29}},"2":{"start":{"line":4,"column":0},"end":{"line":7,"column":3}},"3":{"start":{"line":6,"column":2},"end":{"line":6,"column":53}}},"branchMap":{}},"/home/john/Documents/School/csce431/Dashboard/server/app.js":{"path":"/home/john/Documents/School/csce431/Dashboard/server/app.js","s":{"1":1,"2":1,"3":1,"4":1,"5":1,"6":1,"7":1,"8":1,"9":0,"10":0,"11":0,"12":1,"13":0,"14":0,"15":0,"16":0,"17":0,"18":0,"19":0,"20":0,"21":0,"22":0,"23":0,"24":0,"25":0,"26":0,"27":0,"28":1,"29":0,"30":0,"31":0,"32":0,"33":0,"34":0,"35":0,"36":1,"37":0,"38":0,"39":0,"40":0,"41":0,"42":0,"43":0,"44":0,"45":1},"b":{"1":[0,0],"2":[0,0],"3":[0,0,0,0,0,0],"4":[0,0],"5":[0,0,0,0,0,0],"6":[0,0],"7":[0,0],"8":[0,0]},"f":{},"fnMap":{},"statementMap":{"1":{"start":{"line":1,"column":0},"end":{"line":1,"column":35}},"2":{"start":{"line":2,"column":0},"end":{"line":2,"column":42}},"3":{"start":{"line":3,"column":0},"end":{"line":3,"column":46}},"4":{"start":{"line":5,"column":0},"end":{"line":5,"column":31}},"5":{"start":{"line":6,"column":0},"end":{"line":12,"column":3}},"6":{"start":{"line":14,"column":0},"end":{"line":14,"column":22}},"7":{"start":{"line":15,"column":0},"end":{"line":15,"column":52}},"8":{"start":{"line":18,"column":0},"end":{"line":22,"column":3}},"9":{"start":{"line":19,"column":2},"end":{"line":19,"column":41}},"10":{"start":{"line":20,"column":2},"end":{"line":20,"column":52}},"11":{"start":{"line":21,"column":2},"end":{"line":21,"column":59}},"12":{"start":{"line":25,"column":0},"end":{"line":69,"column":3}},"13":{"start":{"line":26,"column":2},"end":{"line":26,"column":52}},"14":{"start":{"line":27,"column":2},"end":{"line":27,"column":72}},"15":{"start":{"line":28,"column":2},"end":{"line":28,"column":52}},"16":{"start":{"line":30,"column":2},"end":{"line":38,"column":3}},"17":{"start":{"line":36,"column":4},"end":{"line":36,"column":84}},"18":{"start":{"line":37,"column":4},"end":{"line":37,"column":11}},"19":{"start":{"line":40,"column":2},"end":{"line":48,"column":3}},"20":{"start":{"line":46,"column":4},"end":{"line":46,"column":82}},"21":{"start":{"line":47,"column":4},"end":{"line":47,"column":11}},"22":{"start":{"line":50,"column":2},"end":{"line":57,"column":4}},"23":{"start":{"line":60,"column":2},"end":{"line":68,"column":5}},"24":{"start":{"line":61,"column":4},"end":{"line":67,"column":5}},"25":{"start":{"line":63,"column":6},"end":{"line":63,"column":24}},"26":{"start":{"line":64,"column":6},"end":{"line":64,"column":56}},"27":{"start":{"line":66,"column":6},"end":{"line":66,"column":56}},"28":{"start":{"line":72,"column":0},"end":{"line":86,"column":3}},"29":{"start":{"line":73,"column":2},"end":{"line":73,"column":52}},"30":{"start":{"line":74,"column":2},"end":{"line":74,"column":72}},"31":{"start":{"line":75,"column":2},"end":{"line":75,"column":52}},"32":{"start":{"line":78,"column":2},"end":{"line":85,"column":5}},"33":{"start":{"line":79,"column":4},"end":{"line":84,"column":5}},"34":{"start":{"line":81,"column":6},"end":{"line":81,"column":24}},"35":{"start":{"line":83,"column":6},"end":{"line":83,"column":39}},"36":{"start":{"line":89,"column":0},"end":{"line":105,"column":3}},"37":{"start":{"line":91,"column":2},"end":{"line":91,"column":27}},"38":{"start":{"line":93,"column":2},"end":{"line":93,"column":52}},"39":{"start":{"line":94,"column":2},"end":{"line":94,"column":72}},"40":{"start":{"line":95,"column":2},"end":{"line":95,"column":52}},"41":{"start":{"line":98,"column":2},"end":{"line":104,"column":5}},"42":{"start":{"line":99,"column":4},"end":{"line":103,"column":5}},"43":{"start":{"line":100,"column":6},"end":{"line":100,"column":56}},"44":{"start":{"line":102,"column":6},"end":{"line":102,"column":56}},"45":{"start":{"line":107,"column":0},"end":{"line":107,"column":21}}},"branchMap":{"1":{"line":19,"type":"binary-expr","locations":[{"start":{"line":19,"column":15},"end":{"line":19,"column":29}},{"start":{"line":19,"column":33},"end":{"line":19,"column":40}}]},"2":{"line":30,"type":"if","locations":[{"start":{"line":30,"column":2},"end":{"line":30,"column":2}},{"start":{"line":30,"column":2},"end":{"line":30,"column":2}}]},"3":{"line":30,"type":"binary-expr","locations":[{"start":{"line":30,"column":6},"end":{"line":30,"column":34}},{"start":{"line":31,"column":10},"end":{"line":31,"column":45}},{"start":{"line":32,"column":10},"end":{"line":32,"column":40}},{"start":{"line":33,"column":10},"end":{"line":33,"column":48}},{"start":{"line":34,"column":10},"end":{"line":34,"column":39}},{"start":{"line":35,"column":10},"end":{"line":35,"column":41}}]},"4":{"line":40,"type":"if","locations":[{"start":{"line":40,"column":2},"end":{"line":40,"column":2}},{"start":{"line":40,"column":2},"end":{"line":40,"column":2}}]},"5":{"line":40,"type":"binary-expr","locations":[{"start":{"line":40,"column":6},"end":{"line":40,"column":27}},{"start":{"line":41,"column":10},"end":{"line":41,"column":38}},{"start":{"line":42,"column":10},"end":{"line":42,"column":33}},{"start":{"line":43,"column":10},"end":{"line":43,"column":41}},{"start":{"line":44,"column":10},"end":{"line":44,"column":32}},{"start":{"line":45,"column":10},"end":{"line":45,"column":34}}]},"6":{"line":61,"type":"if","locations":[{"start":{"line":61,"column":4},"end":{"line":61,"column":4}},{"start":{"line":61,"column":4},"end":{"line":61,"column":4}}]},"7":{"line":79,"type":"if","locations":[{"start":{"line":79,"column":4},"end":{"line":79,"column":4}},{"start":{"line":79,"column":4},"end":{"line":79,"column":4}}]},"8":{"line":99,"type":"if","locations":[{"start":{"line":99,"column":4},"end":{"line":99,"column":4}},{"start":{"line":99,"column":4},"end":{"line":99,"column":4}}]}}}}