{"/home/john/Documents/School/csce431/Dashboard/src/App.jsx": {"path":"/home/john/Documents/School/csce431/Dashboard/src/App.jsx","statementMap":{"0":{"start":{"line":24,"column":4},"end":{"line":27,"column":10}}},"fnMap":{"0":{"name":"(anonymous_0)","decl":{"start":{"line":23,"column":11},"end":{"line":23,"column":12}},"loc":{"start":{"line":24,"column":4},"end":{"line":27,"column":10}},"line":24}},"branchMap":{},"s":{"0":0},"f":{"0":0},"b":{},"_coverageSchema":"332fd63041d2c1bcb487cc26dd0d5f7d97098a6c","hash":"98cbf21cb6490e25adf5369cfcf967f9edf7fb4c"}
,"/home/john/Documents/School/csce431/Dashboard/src/index.js": {"path":"/home/john/Documents/School/csce431/Dashboard/src/index.js","statementMap":{"0":{"start":{"line":1,"column":32},"end":{"line":1,"column":92}},"1":{"start":{"line":1,"column":106},"end":{"line":1,"column":122}},"2":{"start":{"line":1,"column":137},"end":{"line":1,"column":167}},"3":{"start":{"line":2,"column":16},"end":{"line":2,"column":36}},"4":{"start":{"line":2,"column":54},"end":{"line":2,"column":87}},"5":{"start":{"line":3,"column":22},"end":{"line":3,"column":49}},"6":{"start":{"line":5,"column":0},"end":{"line":5,"column":23}},"7":{"start":{"line":6,"column":11},"end":{"line":6,"column":27}},"8":{"start":{"line":6,"column":40},"end":{"line":6,"column":68}},"9":{"start":{"line":7,"column":29},"end":{"line":7,"column":63}},"10":{"start":{"line":7,"column":94},"end":{"line":7,"column":140}},"11":{"start":{"line":7,"column":179},"end":{"line":7,"column":233}},"12":{"start":{"line":9,"column":0},"end":{"line":13,"column":33}},"13":{"start":{"line":14,"column":0},"end":{"line":14,"column":39}}},"fnMap":{"0":{"name":"_interopRequireDefault","decl":{"start":{"line":7,"column":150},"end":{"line":7,"column":172}},"loc":{"start":{"line":7,"column":178},"end":{"line":7,"column":234}},"line":7}},"branchMap":{"0":{"loc":{"start":{"line":7,"column":186},"end":{"line":7,"column":232}},"type":"cond-expr","locations":[{"start":{"line":7,"column":210},"end":{"line":7,"column":213}},{"start":{"line":7,"column":216},"end":{"line":7,"column":232}}],"line":7},"1":{"loc":{"start":{"line":7,"column":186},"end":{"line":7,"column":207}},"type":"binary-expr","locations":[{"start":{"line":7,"column":186},"end":{"line":7,"column":189}},{"start":{"line":7,"column":193},"end":{"line":7,"column":207}}],"line":7}},"s":{"0":0,"1":0,"2":0,"3":0,"4":0,"5":0,"6":0,"7":0,"8":0,"9":0,"10":0,"11":0,"12":0,"13":0},"f":{"0":0},"b":{"0":[0,0],"1":[0,0]}}
,"/home/john/Documents/School/csce431/Dashboard/src/registerServiceWorker.js": {"path":"/home/john/Documents/School/csce431/Dashboard/src/registerServiceWorker.js","statementMap":{"0":{"start":{"line":1,"column":13},"end":{"line":1,"column":75}},"1":{"start":{"line":1,"column":75},"end":{"line":21,"column":9}},"2":{"start":{"line":21,"column":9},"end":{"line":111,"column":24}},"3":{"start":{"line":118,"column":20},"end":{"line":120,"column":89}},"4":{"start":{"line":120,"column":111},"end":{"line":128,"column":36}},"5":{"start":{"line":121,"column":22},"end":{"line":121,"column":70}},"6":{"start":{"line":121,"column":71},"end":{"line":124,"column":14}},"7":{"start":{"line":124,"column":6},"end":{"line":124,"column":13}},"8":{"start":{"line":124,"column":14},"end":{"line":128,"column":35}},"9":{"start":{"line":124,"column":67},"end":{"line":124,"column":112}},"10":{"start":{"line":124,"column":113},"end":{"line":128,"column":32}},"11":{"start":{"line":125,"column":8},"end":{"line":125,"column":39}},"12":{"start":{"line":127,"column":8},"end":{"line":127,"column":178}},"13":{"start":{"line":127,"column":50},"end":{"line":127,"column":175}},"14":{"start":{"line":128,"column":8},"end":{"line":128,"column":31}},"15":{"start":{"line":128,"column":70},"end":{"line":135,"column":156}},"16":{"start":{"line":128,"column":132},"end":{"line":135,"column":68}},"17":{"start":{"line":128,"column":193},"end":{"line":128,"column":216}},"18":{"start":{"line":128,"column":217},"end":{"line":135,"column":66}},"19":{"start":{"line":128,"column":257},"end":{"line":135,"column":64}},"20":{"start":{"line":128,"column":302},"end":{"line":135,"column":63}},"21":{"start":{"line":132,"column":12},"end":{"line":132,"column":69}},"22":{"start":{"line":135,"column":12},"end":{"line":135,"column":62}},"23":{"start":{"line":135,"column":87},"end":{"line":135,"column":153}},"24":{"start":{"line":136,"column":2},"end":{"line":139,"column":126}},"25":{"start":{"line":137,"column":4},"end":{"line":139,"column":30}},"26":{"start":{"line":138,"column":6},"end":{"line":138,"column":127}},"27":{"start":{"line":138,"column":58},"end":{"line":138,"column":124}},"28":{"start":{"line":138,"column":96},"end":{"line":138,"column":121}},"29":{"start":{"line":139,"column":6},"end":{"line":139,"column":29}},"30":{"start":{"line":139,"column":46},"end":{"line":139,"column":123}},"31":{"start":{"line":139,"column":150},"end":{"line":139,"column":267}},"32":{"start":{"line":139,"column":185},"end":{"line":139,"column":266}},"33":{"start":{"line":139,"column":237},"end":{"line":139,"column":263}}},"fnMap":{"0":{"name":"register","decl":{"start":{"line":120,"column":99},"end":{"line":120,"column":107}},"loc":{"start":{"line":120,"column":110},"end":{"line":128,"column":37}},"line":120},"1":{"name":"(anonymous_1)","decl":{"start":{"line":124,"column":46},"end":{"line":124,"column":47}},"loc":{"start":{"line":124,"column":52},"end":{"line":128,"column":33}},"line":124},"2":{"name":"(anonymous_2)","decl":{"start":{"line":127,"column":43},"end":{"line":127,"column":44}},"loc":{"start":{"line":127,"column":49},"end":{"line":127,"column":176}},"line":127},"3":{"name":"registerValidSW","decl":{"start":{"line":128,"column":46},"end":{"line":128,"column":61}},"loc":{"start":{"line":128,"column":69},"end":{"line":135,"column":157}},"line":128},"4":{"name":"(anonymous_4)","decl":{"start":{"line":128,"column":115},"end":{"line":128,"column":116}},"loc":{"start":{"line":128,"column":131},"end":{"line":135,"column":69}},"line":128},"5":{"name":"(anonymous_5)","decl":{"start":{"line":128,"column":161},"end":{"line":128,"column":162}},"loc":{"start":{"line":128,"column":167},"end":{"line":135,"column":67}},"line":128},"6":{"name":"(anonymous_6)","decl":{"start":{"line":128,"column":250},"end":{"line":128,"column":251}},"loc":{"start":{"line":128,"column":256},"end":{"line":135,"column":65}},"line":128},"7":{"name":"(anonymous_7)","decl":{"start":{"line":135,"column":77},"end":{"line":135,"column":78}},"loc":{"start":{"line":135,"column":86},"end":{"line":135,"column":154}},"line":135},"8":{"name":"checkValidServiceWorker","decl":{"start":{"line":135,"column":166},"end":{"line":135,"column":189}},"loc":{"start":{"line":135,"column":197},"end":{"line":139,"column":127}},"line":135},"9":{"name":"(anonymous_9)","decl":{"start":{"line":136,"column":20},"end":{"line":136,"column":21}},"loc":{"start":{"line":136,"column":32},"end":{"line":139,"column":31}},"line":136},"10":{"name":"(anonymous_10)","decl":{"start":{"line":138,"column":41},"end":{"line":138,"column":42}},"loc":{"start":{"line":138,"column":57},"end":{"line":138,"column":125}},"line":138},"11":{"name":"(anonymous_11)","decl":{"start":{"line":138,"column":89},"end":{"line":138,"column":90}},"loc":{"start":{"line":138,"column":95},"end":{"line":138,"column":122}},"line":138},"12":{"name":"(anonymous_12)","decl":{"start":{"line":139,"column":39},"end":{"line":139,"column":40}},"loc":{"start":{"line":139,"column":45},"end":{"line":139,"column":124}},"line":139},"13":{"name":"unregister","decl":{"start":{"line":139,"column":136},"end":{"line":139,"column":146}},"loc":{"start":{"line":139,"column":149},"end":{"line":139,"column":268}},"line":139},"14":{"name":"(anonymous_14)","decl":{"start":{"line":139,"column":220},"end":{"line":139,"column":221}},"loc":{"start":{"line":139,"column":236},"end":{"line":139,"column":264}},"line":139}},"branchMap":{"0":{"loc":{"start":{"line":118,"column":28},"end":{"line":120,"column":88}},"type":"binary-expr","locations":[{"start":{"line":118,"column":28},"end":{"line":118,"column":68}},{"start":{"line":119,"column":0},"end":{"line":119,"column":36}},{"start":{"line":120,"column":0},"end":{"line":120,"column":88}}],"line":118},"1":{"loc":{"start":{"line":120,"column":111},"end":{"line":128,"column":36}},"type":"if","locations":[{"start":{"line":120,"column":111},"end":{"line":128,"column":36}},{"start":{"line":120,"column":111},"end":{"line":128,"column":36}}],"line":120},"2":{"loc":{"start":{"line":120,"column":115},"end":{"line":120,"column":184}},"type":"binary-expr","locations":[{"start":{"line":120,"column":115},"end":{"line":120,"column":152}},{"start":{"line":120,"column":156},"end":{"line":120,"column":184}}],"line":120},"3":{"loc":{"start":{"line":121,"column":71},"end":{"line":124,"column":14}},"type":"if","locations":[{"start":{"line":121,"column":71},"end":{"line":124,"column":14}},{"start":{"line":121,"column":71},"end":{"line":124,"column":14}}],"line":121},"4":{"loc":{"start":{"line":124,"column":113},"end":{"line":128,"column":32}},"type":"if","locations":[{"start":{"line":124,"column":113},"end":{"line":128,"column":32}},{"start":{"line":124,"column":113},"end":{"line":128,"column":32}}],"line":124},"5":{"loc":{"start":{"line":128,"column":257},"end":{"line":135,"column":64}},"type":"if","locations":[{"start":{"line":128,"column":257},"end":{"line":135,"column":64}},{"start":{"line":128,"column":257},"end":{"line":135,"column":64}}],"line":128},"6":{"loc":{"start":{"line":128,"column":302},"end":{"line":135,"column":63}},"type":"if","locations":[{"start":{"line":128,"column":302},"end":{"line":135,"column":63}},{"start":{"line":128,"column":302},"end":{"line":135,"column":63}}],"line":128},"7":{"loc":{"start":{"line":137,"column":4},"end":{"line":139,"column":30}},"type":"if","locations":[{"start":{"line":137,"column":4},"end":{"line":139,"column":30}},{"start":{"line":137,"column":4},"end":{"line":139,"column":30}}],"line":137},"8":{"loc":{"start":{"line":137,"column":8},"end":{"line":137,"column":100}},"type":"binary-expr","locations":[{"start":{"line":137,"column":8},"end":{"line":137,"column":31}},{"start":{"line":137,"column":35},"end":{"line":137,"column":100}}],"line":137},"9":{"loc":{"start":{"line":139,"column":150},"end":{"line":139,"column":267}},"type":"if","locations":[{"start":{"line":139,"column":150},"end":{"line":139,"column":267}},{"start":{"line":139,"column":150},"end":{"line":139,"column":267}}],"line":139}},"s":{"0":0,"1":0,"2":0,"3":0,"4":0,"5":0,"6":0,"7":0,"8":0,"9":0,"10":0,"11":0,"12":0,"13":0,"14":0,"15":0,"16":0,"17":0,"18":0,"19":0,"20":0,"21":0,"22":0,"23":0,"24":0,"25":0,"26":0,"27":0,"28":0,"29":0,"30":0,"31":0,"32":0,"33":0},"f":{"0":0,"1":0,"2":0,"3":0,"4":0,"5":0,"6":0,"7":0,"8":0,"9":0,"10":0,"11":0,"12":0,"13":0,"14":0},"b":{"0":[0,0,0],"1":[0,0],"2":[0,0],"3":[0,0],"4":[0,0],"5":[0,0],"6":[0,0],"7":[0,0],"8":[0,0],"9":[0,0]}}
,"/home/john/Documents/School/csce431/Dashboard/src/components/Calendar.jsx": {"path":"/home/john/Documents/School/csce431/Dashboard/src/components/Calendar.jsx","statementMap":{"0":{"start":{"line":8,"column":4},"end":{"line":28,"column":10}}},"fnMap":{"0":{"name":"(anonymous_0)","decl":{"start":{"line":7,"column":15},"end":{"line":7,"column":16}},"loc":{"start":{"line":8,"column":4},"end":{"line":28,"column":10}},"line":8}},"branchMap":{},"s":{"0":1},"f":{"0":1},"b":{},"_coverageSchema":"332fd63041d2c1bcb487cc26dd0d5f7d97098a6c","hash":"31f7c3e67ea4caf4dfaf33cc9a00f5cd7f25fad1"}
,"/home/john/Documents/School/csce431/Dashboard/src/components/CardList.jsx": {"path":"/home/john/Documents/School/csce431/Dashboard/src/components/CardList.jsx","statementMap":{"0":{"start":{"line":15,"column":4},"end":{"line":15,"column":12}},"1":{"start":{"line":17,"column":4},"end":{"line":21,"column":6}},"2":{"start":{"line":25,"column":4},"end":{"line":25,"column":19}},"3":{"start":{"line":29,"column":4},"end":{"line":35,"column":9}},"4":{"start":{"line":30,"column":24},"end":{"line":30,"column":39}},"5":{"start":{"line":31,"column":28},"end":{"line":31,"column":87}},"6":{"start":{"line":34,"column":8},"end":{"line":34,"column":27}},"7":{"start":{"line":39,"column":28},"end":{"line":39,"column":38}},"8":{"start":{"line":40,"column":43},"end":{"line":40,"column":53}},"9":{"start":{"line":41,"column":4},"end":{"line":41,"column":42}},"10":{"start":{"line":41,"column":35},"end":{"line":41,"column":42}},"11":{"start":{"line":42,"column":4},"end":{"line":44,"column":7}},"12":{"start":{"line":43,"column":51},"end":{"line":43,"column":96}},"13":{"start":{"line":48,"column":4},"end":{"line":55,"column":5}},"14":{"start":{"line":49,"column":6},"end":{"line":49,"column":58}},"15":{"start":{"line":50,"column":6},"end":{"line":50,"column":27}},"16":{"start":{"line":52,"column":31},"end":{"line":52,"column":41}},"17":{"start":{"line":53,"column":6},"end":{"line":53,"column":42}},"18":{"start":{"line":54,"column":6},"end":{"line":54,"column":52}},"19":{"start":{"line":59,"column":4},"end":{"line":84,"column":6}},"20":{"start":{"line":72,"column":28},"end":{"line":76,"column":35}}},"fnMap":{"0":{"name":"(anonymous_0)","decl":{"start":{"line":14,"column":2},"end":{"line":14,"column":3}},"loc":{"start":{"line":14,"column":16},"end":{"line":22,"column":3}},"line":14},"1":{"name":"(anonymous_1)","decl":{"start":{"line":24,"column":2},"end":{"line":24,"column":3}},"loc":{"start":{"line":24,"column":23},"end":{"line":26,"column":3}},"line":24},"2":{"name":"(anonymous_2)","decl":{"start":{"line":28,"column":12},"end":{"line":28,"column":13}},"loc":{"start":{"line":28,"column":18},"end":{"line":36,"column":3}},"line":28},"3":{"name":"(anonymous_3)","decl":{"start":{"line":30,"column":12},"end":{"line":30,"column":13}},"loc":{"start":{"line":30,"column":24},"end":{"line":30,"column":39}},"line":30},"4":{"name":"(anonymous_4)","decl":{"start":{"line":31,"column":12},"end":{"line":31,"column":13}},"loc":{"start":{"line":31,"column":28},"end":{"line":31,"column":87}},"line":31},"5":{"name":"(anonymous_5)","decl":{"start":{"line":32,"column":13},"end":{"line":32,"column":14}},"loc":{"start":{"line":32,"column":24},"end":{"line":35,"column":7}},"line":32},"6":{"name":"(anonymous_6)","decl":{"start":{"line":38,"column":18},"end":{"line":38,"column":19}},"loc":{"start":{"line":38,"column":24},"end":{"line":45,"column":3}},"line":38},"7":{"name":"(anonymous_7)","decl":{"start":{"line":43,"column":40},"end":{"line":43,"column":41}},"loc":{"start":{"line":43,"column":51},"end":{"line":43,"column":96}},"line":43},"8":{"name":"(anonymous_8)","decl":{"start":{"line":47,"column":24},"end":{"line":47,"column":25}},"loc":{"start":{"line":47,"column":35},"end":{"line":56,"column":3}},"line":47},"9":{"name":"(anonymous_9)","decl":{"start":{"line":58,"column":2},"end":{"line":58,"column":3}},"loc":{"start":{"line":58,"column":11},"end":{"line":85,"column":3}},"line":58},"10":{"name":"(anonymous_10)","decl":{"start":{"line":71,"column":53},"end":{"line":71,"column":54}},"loc":{"start":{"line":72,"column":28},"end":{"line":76,"column":35}},"line":72}},"branchMap":{"0":{"loc":{"start":{"line":41,"column":4},"end":{"line":41,"column":42}},"type":"if","locations":[{"start":{"line":41,"column":4},"end":{"line":41,"column":42}},{"start":{"line":41,"column":4},"end":{"line":41,"column":42}}],"line":41},"1":{"loc":{"start":{"line":48,"column":4},"end":{"line":55,"column":5}},"type":"if","locations":[{"start":{"line":48,"column":4},"end":{"line":55,"column":5}},{"start":{"line":48,"column":4},"end":{"line":55,"column":5}}],"line":48},"2":{"loc":{"start":{"line":61,"column":13},"end":{"line":82,"column":13}},"type":"cond-expr","locations":[{"start":{"line":62,"column":16},"end":{"line":79,"column":22}},{"start":{"line":81,"column":14},"end":{"line":81,"column":41}}],"line":61}},"s":{"0":0,"1":0,"2":0,"3":0,"4":0,"5":0,"6":0,"7":0,"8":0,"9":0,"10":0,"11":0,"12":0,"13":0,"14":0,"15":0,"16":0,"17":0,"18":0,"19":0,"20":0},"f":{"0":0,"1":0,"2":0,"3":0,"4":0,"5":0,"6":0,"7":0,"8":0,"9":0,"10":0},"b":{"0":[0,0],"1":[0,0],"2":[0,0]},"_coverageSchema":"332fd63041d2c1bcb487cc26dd0d5f7d97098a6c","hash":"5c21afeb151ff2058393e88cddd0b4e6a4ca0fb9"}
,"/home/john/Documents/School/csce431/Dashboard/src/components/Home.jsx": {"path":"/home/john/Documents/School/csce431/Dashboard/src/components/Home.jsx","statementMap":{"0":{"start":{"line":13,"column":0},"end":{"line":35,"column":10}}},"fnMap":{"0":{"name":"(anonymous_0)","decl":{"start":{"line":11,"column":15},"end":{"line":11,"column":16}},"loc":{"start":{"line":13,"column":0},"end":{"line":35,"column":10}},"line":13}},"branchMap":{},"s":{"0":0},"f":{"0":0},"b":{},"_coverageSchema":"332fd63041d2c1bcb487cc26dd0d5f7d97098a6c","hash":"ea1f619661590404d963374d0e219a6eeaa7cb08"}
,"/home/john/Documents/School/csce431/Dashboard/src/components/JobPostDetails.jsx": {"path":"/home/john/Documents/School/csce431/Dashboard/src/components/JobPostDetails.jsx","statementMap":{"0":{"start":{"line":9,"column":15},"end":{"line":28,"column":2}},"1":{"start":{"line":9,"column":25},"end":{"line":28,"column":1}},"2":{"start":{"line":33,"column":4},"end":{"line":33,"column":12}},"3":{"start":{"line":35,"column":4},"end":{"line":42,"column":6}},"4":{"start":{"line":46,"column":4},"end":{"line":46,"column":19}},"5":{"start":{"line":49,"column":25},"end":{"line":51,"column":3}},"6":{"start":{"line":50,"column":4},"end":{"line":50,"column":50}},"7":{"start":{"line":54,"column":22},"end":{"line":54,"column":72}},"8":{"start":{"line":56,"column":4},"end":{"line":58,"column":5}},"9":{"start":{"line":57,"column":6},"end":{"line":57,"column":13}},"10":{"start":{"line":60,"column":4},"end":{"line":69,"column":9}},"11":{"start":{"line":61,"column":24},"end":{"line":61,"column":39}},"12":{"start":{"line":63,"column":24},"end":{"line":63,"column":29}},"13":{"start":{"line":64,"column":8},"end":{"line":68,"column":9}},"14":{"start":{"line":65,"column":10},"end":{"line":65,"column":47}},"15":{"start":{"line":67,"column":10},"end":{"line":67,"column":41}},"16":{"start":{"line":73,"column":22},"end":{"line":73,"column":72}},"17":{"start":{"line":75,"column":4},"end":{"line":77,"column":5}},"18":{"start":{"line":76,"column":6},"end":{"line":76,"column":13}},"19":{"start":{"line":79,"column":4},"end":{"line":89,"column":9}},"20":{"start":{"line":80,"column":24},"end":{"line":80,"column":39}},"21":{"start":{"line":82,"column":24},"end":{"line":82,"column":29}},"22":{"start":{"line":83,"column":8},"end":{"line":88,"column":9}},"23":{"start":{"line":84,"column":10},"end":{"line":84,"column":47}},"24":{"start":{"line":87,"column":10},"end":{"line":87,"column":41}},"25":{"start":{"line":93,"column":4},"end":{"line":106,"column":9}},"26":{"start":{"line":94,"column":24},"end":{"line":94,"column":39}},"27":{"start":{"line":96,"column":8},"end":{"line":96,"column":60}},"28":{"start":{"line":97,"column":8},"end":{"line":97,"column":64}},"29":{"start":{"line":98,"column":8},"end":{"line":98,"column":65}},"30":{"start":{"line":99,"column":8},"end":{"line":99,"column":67}},"31":{"start":{"line":100,"column":8},"end":{"line":100,"column":58}},"32":{"start":{"line":101,"column":8},"end":{"line":101,"column":60}},"33":{"start":{"line":105,"column":8},"end":{"line":105,"column":27}},"34":{"start":{"line":110,"column":24},"end":{"line":110,"column":34}},"35":{"start":{"line":112,"column":4},"end":{"line":200,"column":6}},"36":{"start":{"line":195,"column":88},"end":{"line":195,"column":113}},"37":{"start":{"line":196,"column":106},"end":{"line":196,"column":131}},"38":{"start":{"line":204,"column":0},"end":{"line":207,"column":2}}},"fnMap":{"0":{"name":"(anonymous_0)","decl":{"start":{"line":9,"column":15},"end":{"line":9,"column":16}},"loc":{"start":{"line":9,"column":25},"end":{"line":28,"column":1}},"line":9},"1":{"name":"(anonymous_1)","decl":{"start":{"line":32,"column":2},"end":{"line":32,"column":3}},"loc":{"start":{"line":32,"column":16},"end":{"line":43,"column":3}},"line":32},"2":{"name":"(anonymous_2)","decl":{"start":{"line":45,"column":2},"end":{"line":45,"column":3}},"loc":{"start":{"line":45,"column":23},"end":{"line":47,"column":3}},"line":45},"3":{"name":"(anonymous_3)","decl":{"start":{"line":49,"column":17},"end":{"line":49,"column":18}},"loc":{"start":{"line":49,"column":25},"end":{"line":51,"column":3}},"line":49},"4":{"name":"(anonymous_4)","decl":{"start":{"line":49,"column":25},"end":{"line":49,"column":26}},"loc":{"start":{"line":49,"column":36},"end":{"line":51,"column":3}},"line":49},"5":{"name":"(anonymous_5)","decl":{"start":{"line":53,"column":22},"end":{"line":53,"column":23}},"loc":{"start":{"line":53,"column":28},"end":{"line":70,"column":3}},"line":53},"6":{"name":"(anonymous_6)","decl":{"start":{"line":61,"column":12},"end":{"line":61,"column":13}},"loc":{"start":{"line":61,"column":24},"end":{"line":61,"column":39}},"line":61},"7":{"name":"(anonymous_7)","decl":{"start":{"line":62,"column":12},"end":{"line":62,"column":13}},"loc":{"start":{"line":62,"column":23},"end":{"line":69,"column":7}},"line":62},"8":{"name":"(anonymous_8)","decl":{"start":{"line":72,"column":22},"end":{"line":72,"column":23}},"loc":{"start":{"line":72,"column":28},"end":{"line":90,"column":3}},"line":72},"9":{"name":"(anonymous_9)","decl":{"start":{"line":80,"column":12},"end":{"line":80,"column":13}},"loc":{"start":{"line":80,"column":24},"end":{"line":80,"column":39}},"line":80},"10":{"name":"(anonymous_10)","decl":{"start":{"line":81,"column":12},"end":{"line":81,"column":13}},"loc":{"start":{"line":81,"column":23},"end":{"line":89,"column":7}},"line":81},"11":{"name":"(anonymous_11)","decl":{"start":{"line":92,"column":12},"end":{"line":92,"column":13}},"loc":{"start":{"line":92,"column":18},"end":{"line":107,"column":3}},"line":92},"12":{"name":"(anonymous_12)","decl":{"start":{"line":94,"column":12},"end":{"line":94,"column":13}},"loc":{"start":{"line":94,"column":24},"end":{"line":94,"column":39}},"line":94},"13":{"name":"(anonymous_13)","decl":{"start":{"line":95,"column":12},"end":{"line":95,"column":13}},"loc":{"start":{"line":95,"column":30},"end":{"line":102,"column":7}},"line":95},"14":{"name":"(anonymous_14)","decl":{"start":{"line":103,"column":13},"end":{"line":103,"column":14}},"loc":{"start":{"line":103,"column":24},"end":{"line":106,"column":7}},"line":103},"15":{"name":"(anonymous_15)","decl":{"start":{"line":109,"column":2},"end":{"line":109,"column":3}},"loc":{"start":{"line":109,"column":11},"end":{"line":201,"column":3}},"line":109},"16":{"name":"(anonymous_16)","decl":{"start":{"line":195,"column":80},"end":{"line":195,"column":81}},"loc":{"start":{"line":195,"column":86},"end":{"line":195,"column":115}},"line":195},"17":{"name":"(anonymous_17)","decl":{"start":{"line":196,"column":98},"end":{"line":196,"column":99}},"loc":{"start":{"line":196,"column":104},"end":{"line":196,"column":133}},"line":196}},"branchMap":{"0":{"loc":{"start":{"line":56,"column":4},"end":{"line":58,"column":5}},"type":"if","locations":[{"start":{"line":56,"column":4},"end":{"line":58,"column":5}},{"start":{"line":56,"column":4},"end":{"line":58,"column":5}}],"line":56},"1":{"loc":{"start":{"line":56,"column":8},"end":{"line":56,"column":45}},"type":"binary-expr","locations":[{"start":{"line":56,"column":8},"end":{"line":56,"column":25}},{"start":{"line":56,"column":29},"end":{"line":56,"column":45}}],"line":56},"2":{"loc":{"start":{"line":64,"column":8},"end":{"line":68,"column":9}},"type":"if","locations":[{"start":{"line":64,"column":8},"end":{"line":68,"column":9}},{"start":{"line":64,"column":8},"end":{"line":68,"column":9}}],"line":64},"3":{"loc":{"start":{"line":75,"column":4},"end":{"line":77,"column":5}},"type":"if","locations":[{"start":{"line":75,"column":4},"end":{"line":77,"column":5}},{"start":{"line":75,"column":4},"end":{"line":77,"column":5}}],"line":75},"4":{"loc":{"start":{"line":75,"column":8},"end":{"line":75,"column":45}},"type":"binary-expr","locations":[{"start":{"line":75,"column":8},"end":{"line":75,"column":25}},{"start":{"line":75,"column":29},"end":{"line":75,"column":45}}],"line":75},"5":{"loc":{"start":{"line":83,"column":8},"end":{"line":88,"column":9}},"type":"if","locations":[{"start":{"line":83,"column":8},"end":{"line":88,"column":9}},{"start":{"line":83,"column":8},"end":{"line":88,"column":9}}],"line":83}},"s":{"0":3,"1":0,"2":0,"3":0,"4":0,"5":0,"6":0,"7":0,"8":0,"9":0,"10":0,"11":0,"12":0,"13":0,"14":0,"15":0,"16":0,"17":0,"18":0,"19":0,"20":0,"21":0,"22":0,"23":0,"24":0,"25":0,"26":0,"27":0,"28":0,"29":0,"30":0,"31":0,"32":0,"33":0,"34":0,"35":0,"36":0,"37":0,"38":3},"f":{"0":0,"1":0,"2":0,"3":0,"4":0,"5":0,"6":0,"7":0,"8":0,"9":0,"10":0,"11":0,"12":0,"13":0,"14":0,"15":0,"16":0,"17":0},"b":{"0":[0,0],"1":[0,0],"2":[0,0],"3":[0,0],"4":[0,0],"5":[0,0]},"_coverageSchema":"332fd63041d2c1bcb487cc26dd0d5f7d97098a6c","hash":"9db47f8fdbd48ff35b3a1db0b5cb0020342b9e82"}
,"/home/john/Documents/School/csce431/Dashboard/src/components/JobPostingCard.jsx": {"path":"/home/john/Documents/School/csce431/Dashboard/src/components/JobPostingCard.jsx","statementMap":{"0":{"start":{"line":16,"column":24},"end":{"line":16,"column":65}},"1":{"start":{"line":19,"column":23},"end":{"line":26,"column":1}},"2":{"start":{"line":20,"column":4},"end":{"line":25,"column":15}},"3":{"start":{"line":28,"column":24},"end":{"line":34,"column":1}},"4":{"start":{"line":29,"column":4},"end":{"line":33,"column":11}},"5":{"start":{"line":37,"column":4},"end":{"line":51,"column":10}}},"fnMap":{"0":{"name":"(anonymous_0)","decl":{"start":{"line":19,"column":23},"end":{"line":19,"column":24}},"loc":{"start":{"line":20,"column":4},"end":{"line":25,"column":15}},"line":20},"1":{"name":"(anonymous_1)","decl":{"start":{"line":28,"column":24},"end":{"line":28,"column":25}},"loc":{"start":{"line":29,"column":4},"end":{"line":33,"column":11}},"line":29},"2":{"name":"(anonymous_2)","decl":{"start":{"line":36,"column":15},"end":{"line":36,"column":16}},"loc":{"start":{"line":37,"column":4},"end":{"line":51,"column":10}},"line":37}},"branchMap":{},"s":{"0":4,"1":4,"2":2,"3":4,"4":1,"5":1},"f":{"0":2,"1":1,"2":1},"b":{},"_coverageSchema":"332fd63041d2c1bcb487cc26dd0d5f7d97098a6c","hash":"40fdd31abb26892285c518b8066b41cd3787bc32"}
,"/home/john/Documents/School/csce431/Dashboard/src/components/JobPostingForm.jsx": {"path":"/home/john/Documents/School/csce431/Dashboard/src/components/JobPostingForm.jsx","statementMap":{"0":{"start":{"line":9,"column":15},"end":{"line":28,"column":2}},"1":{"start":{"line":9,"column":25},"end":{"line":28,"column":1}},"2":{"start":{"line":41,"column":25},"end":{"line":43,"column":3}},"3":{"start":{"line":42,"column":4},"end":{"line":42,"column":50}},"4":{"start":{"line":47,"column":4},"end":{"line":47,"column":27}},"5":{"start":{"line":49,"column":4},"end":{"line":52,"column":5}},"6":{"start":{"line":50,"column":6},"end":{"line":50,"column":43}},"7":{"start":{"line":51,"column":6},"end":{"line":51,"column":13}},"8":{"start":{"line":54,"column":4},"end":{"line":66,"column":9}},"9":{"start":{"line":55,"column":24},"end":{"line":55,"column":39}},"10":{"start":{"line":57,"column":8},"end":{"line":57,"column":27}},"11":{"start":{"line":59,"column":24},"end":{"line":59,"column":29}},"12":{"start":{"line":60,"column":8},"end":{"line":65,"column":9}},"13":{"start":{"line":61,"column":10},"end":{"line":61,"column":46}},"14":{"start":{"line":64,"column":10},"end":{"line":64,"column":39}},"15":{"start":{"line":70,"column":24},"end":{"line":70,"column":34}},"16":{"start":{"line":72,"column":4},"end":{"line":159,"column":6}},"17":{"start":{"line":163,"column":0},"end":{"line":166,"column":2}}},"fnMap":{"0":{"name":"(anonymous_0)","decl":{"start":{"line":9,"column":15},"end":{"line":9,"column":16}},"loc":{"start":{"line":9,"column":25},"end":{"line":28,"column":1}},"line":9},"1":{"name":"(anonymous_1)","decl":{"start":{"line":41,"column":17},"end":{"line":41,"column":18}},"loc":{"start":{"line":41,"column":25},"end":{"line":43,"column":3}},"line":41},"2":{"name":"(anonymous_2)","decl":{"start":{"line":41,"column":25},"end":{"line":41,"column":26}},"loc":{"start":{"line":41,"column":36},"end":{"line":43,"column":3}},"line":41},"3":{"name":"(anonymous_3)","decl":{"start":{"line":45,"column":17},"end":{"line":45,"column":18}},"loc":{"start":{"line":45,"column":28},"end":{"line":67,"column":3}},"line":45},"4":{"name":"(anonymous_4)","decl":{"start":{"line":55,"column":12},"end":{"line":55,"column":13}},"loc":{"start":{"line":55,"column":24},"end":{"line":55,"column":39}},"line":55},"5":{"name":"(anonymous_5)","decl":{"start":{"line":56,"column":12},"end":{"line":56,"column":13}},"loc":{"start":{"line":56,"column":23},"end":{"line":66,"column":7}},"line":56},"6":{"name":"(anonymous_6)","decl":{"start":{"line":69,"column":2},"end":{"line":69,"column":3}},"loc":{"start":{"line":69,"column":11},"end":{"line":160,"column":3}},"line":69}},"branchMap":{"0":{"loc":{"start":{"line":49,"column":4},"end":{"line":52,"column":5}},"type":"if","locations":[{"start":{"line":49,"column":4},"end":{"line":52,"column":5}},{"start":{"line":49,"column":4},"end":{"line":52,"column":5}}],"line":49},"1":{"loc":{"start":{"line":49,"column":8},"end":{"line":49,"column":178}},"type":"binary-expr","locations":[{"start":{"line":49,"column":8},"end":{"line":49,"column":33}},{"start":{"line":49,"column":37},"end":{"line":49,"column":62}},{"start":{"line":49,"column":66},"end":{"line":49,"column":91}},{"start":{"line":49,"column":95},"end":{"line":49,"column":120}},{"start":{"line":49,"column":124},"end":{"line":49,"column":149}},{"start":{"line":49,"column":153},"end":{"line":49,"column":178}}],"line":49},"2":{"loc":{"start":{"line":60,"column":8},"end":{"line":65,"column":9}},"type":"if","locations":[{"start":{"line":60,"column":8},"end":{"line":65,"column":9}},{"start":{"line":60,"column":8},"end":{"line":65,"column":9}}],"line":60}},"s":{"0":4,"1":0,"2":0,"3":0,"4":0,"5":0,"6":0,"7":0,"8":0,"9":0,"10":0,"11":0,"12":0,"13":0,"14":0,"15":0,"16":0,"17":4},"f":{"0":0,"1":0,"2":0,"3":0,"4":0,"5":0,"6":0},"b":{"0":[0,0],"1":[0,0,0,0,0,0],"2":[0,0]},"_coverageSchema":"332fd63041d2c1bcb487cc26dd0d5f7d97098a6c","hash":"7fa60a8f4e5ecbc29241a2b74f8df015bd6e5c5b"}
,"/home/john/Documents/School/csce431/Dashboard/src/components/MentorMatchingForm.jsx": {"path":"/home/john/Documents/School/csce431/Dashboard/src/components/MentorMatchingForm.jsx","statementMap":{"0":{"start":{"line":9,"column":15},"end":{"line":28,"column":2}},"1":{"start":{"line":9,"column":25},"end":{"line":28,"column":1}},"2":{"start":{"line":45,"column":25},"end":{"line":47,"column":3}},"3":{"start":{"line":46,"column":4},"end":{"line":46,"column":50}},"4":{"start":{"line":51,"column":4},"end":{"line":51,"column":27}},"5":{"start":{"line":54,"column":4},"end":{"line":79,"column":9}},"6":{"start":{"line":69,"column":24},"end":{"line":69,"column":39}},"7":{"start":{"line":71,"column":8},"end":{"line":71,"column":27}},"8":{"start":{"line":73,"column":24},"end":{"line":73,"column":29}},"9":{"start":{"line":74,"column":8},"end":{"line":78,"column":9}},"10":{"start":{"line":75,"column":10},"end":{"line":75,"column":49}},"11":{"start":{"line":77,"column":10},"end":{"line":77,"column":47}},"12":{"start":{"line":83,"column":24},"end":{"line":83,"column":34}},"13":{"start":{"line":85,"column":4},"end":{"line":246,"column":6}},"14":{"start":{"line":250,"column":0},"end":{"line":253,"column":2}}},"fnMap":{"0":{"name":"(anonymous_0)","decl":{"start":{"line":9,"column":15},"end":{"line":9,"column":16}},"loc":{"start":{"line":9,"column":25},"end":{"line":28,"column":1}},"line":9},"1":{"name":"(anonymous_1)","decl":{"start":{"line":45,"column":17},"end":{"line":45,"column":18}},"loc":{"start":{"line":45,"column":25},"end":{"line":47,"column":3}},"line":45},"2":{"name":"(anonymous_2)","decl":{"start":{"line":45,"column":25},"end":{"line":45,"column":26}},"loc":{"start":{"line":45,"column":36},"end":{"line":47,"column":3}},"line":45},"3":{"name":"(anonymous_3)","decl":{"start":{"line":49,"column":17},"end":{"line":49,"column":18}},"loc":{"start":{"line":49,"column":28},"end":{"line":80,"column":3}},"line":49},"4":{"name":"(anonymous_4)","decl":{"start":{"line":69,"column":12},"end":{"line":69,"column":13}},"loc":{"start":{"line":69,"column":24},"end":{"line":69,"column":39}},"line":69},"5":{"name":"(anonymous_5)","decl":{"start":{"line":70,"column":12},"end":{"line":70,"column":13}},"loc":{"start":{"line":70,"column":23},"end":{"line":79,"column":7}},"line":70},"6":{"name":"(anonymous_6)","decl":{"start":{"line":82,"column":2},"end":{"line":82,"column":3}},"loc":{"start":{"line":82,"column":11},"end":{"line":247,"column":3}},"line":82}},"branchMap":{"0":{"loc":{"start":{"line":74,"column":8},"end":{"line":78,"column":9}},"type":"if","locations":[{"start":{"line":74,"column":8},"end":{"line":78,"column":9}},{"start":{"line":74,"column":8},"end":{"line":78,"column":9}}],"line":74}},"s":{"0":4,"1":0,"2":0,"3":0,"4":0,"5":0,"6":0,"7":0,"8":0,"9":0,"10":0,"11":0,"12":0,"13":0,"14":4},"f":{"0":0,"1":0,"2":0,"3":0,"4":0,"5":0,"6":0},"b":{"0":[0,0]},"_coverageSchema":"332fd63041d2c1bcb487cc26dd0d5f7d97098a6c","hash":"516b76af15e32b57168a8333f2882e59936181b9"}
,"/home/john/Documents/School/csce431/Dashboard/src/components/NavBar.jsx": {"path":"/home/john/Documents/School/csce431/Dashboard/src/components/NavBar.jsx","statementMap":{"0":{"start":{"line":14,"column":15},"end":{"line":34,"column":1}},"1":{"start":{"line":15,"column":4},"end":{"line":33,"column":10}}},"fnMap":{"0":{"name":"(anonymous_0)","decl":{"start":{"line":14,"column":15},"end":{"line":14,"column":16}},"loc":{"start":{"line":15,"column":4},"end":{"line":33,"column":10}},"line":15}},"branchMap":{},"s":{"0":2,"1":0},"f":{"0":0},"b":{},"_coverageSchema":"332fd63041d2c1bcb487cc26dd0d5f7d97098a6c","hash":"825902ddb01861d80db856f835805d150335e67d"}
,"/home/john/Documents/School/csce431/Dashboard/src/components/NavCard.jsx": {"path":"/home/john/Documents/School/csce431/Dashboard/src/components/NavCard.jsx","statementMap":{"0":{"start":{"line":20,"column":4},"end":{"line":40,"column":10}}},"fnMap":{"0":{"name":"(anonymous_0)","decl":{"start":{"line":19,"column":15},"end":{"line":19,"column":16}},"loc":{"start":{"line":20,"column":4},"end":{"line":40,"column":10}},"line":20}},"branchMap":{},"s":{"0":0},"f":{"0":0},"b":{},"_coverageSchema":"332fd63041d2c1bcb487cc26dd0d5f7d97098a6c","hash":"9aab57f99e0a3632a32a6dcf3f88eb12aaa52467"}
,"/home/john/Documents/School/csce431/Dashboard/src/components/Routes.jsx": {"path":"/home/john/Documents/School/csce431/Dashboard/src/components/Routes.jsx","statementMap":{"0":{"start":{"line":14,"column":23},"end":{"line":24,"column":1}},"1":{"start":{"line":15,"column":4},"end":{"line":23,"column":10}},"2":{"start":{"line":26,"column":15},"end":{"line":37,"column":1}},"3":{"start":{"line":27,"column":4},"end":{"line":36,"column":10}}},"fnMap":{"0":{"name":"(anonymous_0)","decl":{"start":{"line":14,"column":23},"end":{"line":14,"column":24}},"loc":{"start":{"line":15,"column":4},"end":{"line":23,"column":10}},"line":15},"1":{"name":"(anonymous_1)","decl":{"start":{"line":26,"column":15},"end":{"line":26,"column":16}},"loc":{"start":{"line":27,"column":4},"end":{"line":36,"column":10}},"line":27}},"branchMap":{},"s":{"0":3,"1":0,"2":3,"3":0},"f":{"0":0,"1":0},"b":{},"_coverageSchema":"332fd63041d2c1bcb487cc26dd0d5f7d97098a6c","hash":"6f8b644c40588651b8b65f56d6096715abdb5fca"}
,"/home/john/Documents/School/csce431/Dashboard/src/components/StartupGuide/HowToStartup.jsx": {"path":"/home/john/Documents/School/csce431/Dashboard/src/components/StartupGuide/HowToStartup.jsx","statementMap":{"0":{"start":{"line":16,"column":15},"end":{"line":30,"column":2}},"1":{"start":{"line":16,"column":25},"end":{"line":30,"column":1}},"2":{"start":{"line":33,"column":2},"end":{"line":34,"column":71}},"3":{"start":{"line":38,"column":2},"end":{"line":92,"column":3}},"4":{"start":{"line":40,"column":6},"end":{"line":43,"column":16}},"5":{"start":{"line":45,"column":6},"end":{"line":51,"column":54}},"6":{"start":{"line":53,"column":6},"end":{"line":59,"column":24}},"7":{"start":{"line":61,"column":6},"end":{"line":69,"column":52}},"8":{"start":{"line":71,"column":6},"end":{"line":76,"column":44}},"9":{"start":{"line":78,"column":6},"end":{"line":86,"column":76}},"10":{"start":{"line":88,"column":6},"end":{"line":89,"column":96}},"11":{"start":{"line":91,"column":6},"end":{"line":91,"column":28}},"12":{"start":{"line":101,"column":4},"end":{"line":103,"column":8}},"13":{"start":{"line":101,"column":28},"end":{"line":103,"column":5}},"14":{"start":{"line":107,"column":4},"end":{"line":109,"column":8}},"15":{"start":{"line":107,"column":28},"end":{"line":109,"column":5}},"16":{"start":{"line":113,"column":4},"end":{"line":115,"column":7}},"17":{"start":{"line":119,"column":4},"end":{"line":119,"column":27}},"18":{"start":{"line":123,"column":24},"end":{"line":123,"column":34}},"19":{"start":{"line":124,"column":18},"end":{"line":124,"column":28}},"20":{"start":{"line":125,"column":27},"end":{"line":125,"column":37}},"21":{"start":{"line":127,"column":4},"end":{"line":162,"column":6}},"22":{"start":{"line":131,"column":20},"end":{"line":157,"column":27}},"23":{"start":{"line":166,"column":0},"end":{"line":168,"column":2}}},"fnMap":{"0":{"name":"(anonymous_0)","decl":{"start":{"line":16,"column":15},"end":{"line":16,"column":16}},"loc":{"start":{"line":16,"column":25},"end":{"line":30,"column":1}},"line":16},"1":{"name":"getSteps","decl":{"start":{"line":32,"column":9},"end":{"line":32,"column":17}},"loc":{"start":{"line":32,"column":20},"end":{"line":35,"column":1}},"line":32},"2":{"name":"getStepContent","decl":{"start":{"line":37,"column":9},"end":{"line":37,"column":23}},"loc":{"start":{"line":37,"column":30},"end":{"line":93,"column":1}},"line":37},"3":{"name":"(anonymous_3)","decl":{"start":{"line":100,"column":15},"end":{"line":100,"column":16}},"loc":{"start":{"line":100,"column":21},"end":{"line":104,"column":3}},"line":100},"4":{"name":"(anonymous_4)","decl":{"start":{"line":101,"column":18},"end":{"line":101,"column":19}},"loc":{"start":{"line":101,"column":28},"end":{"line":103,"column":5}},"line":101},"5":{"name":"(anonymous_5)","decl":{"start":{"line":106,"column":15},"end":{"line":106,"column":16}},"loc":{"start":{"line":106,"column":21},"end":{"line":110,"column":3}},"line":106},"6":{"name":"(anonymous_6)","decl":{"start":{"line":107,"column":18},"end":{"line":107,"column":19}},"loc":{"start":{"line":107,"column":28},"end":{"line":109,"column":5}},"line":107},"7":{"name":"(anonymous_7)","decl":{"start":{"line":112,"column":16},"end":{"line":112,"column":17}},"loc":{"start":{"line":112,"column":22},"end":{"line":116,"column":3}},"line":112},"8":{"name":"(anonymous_8)","decl":{"start":{"line":118,"column":12},"end":{"line":118,"column":13}},"loc":{"start":{"line":118,"column":18},"end":{"line":120,"column":3}},"line":118},"9":{"name":"(anonymous_9)","decl":{"start":{"line":122,"column":2},"end":{"line":122,"column":3}},"loc":{"start":{"line":122,"column":11},"end":{"line":163,"column":3}},"line":122},"10":{"name":"(anonymous_10)","decl":{"start":{"line":130,"column":27},"end":{"line":130,"column":28}},"loc":{"start":{"line":131,"column":20},"end":{"line":157,"column":27}},"line":131}},"branchMap":{"0":{"loc":{"start":{"line":38,"column":2},"end":{"line":92,"column":3}},"type":"switch","locations":[{"start":{"line":39,"column":4},"end":{"line":43,"column":16}},{"start":{"line":44,"column":4},"end":{"line":51,"column":54}},{"start":{"line":52,"column":4},"end":{"line":59,"column":24}},{"start":{"line":60,"column":4},"end":{"line":69,"column":52}},{"start":{"line":70,"column":4},"end":{"line":76,"column":44}},{"start":{"line":77,"column":4},"end":{"line":86,"column":76}},{"start":{"line":87,"column":4},"end":{"line":89,"column":96}},{"start":{"line":90,"column":4},"end":{"line":91,"column":28}}],"line":38},"1":{"loc":{"start":{"line":152,"column":41},"end":{"line":152,"column":92}},"type":"cond-expr","locations":[{"start":{"line":152,"column":75},"end":{"line":152,"column":83}},{"start":{"line":152,"column":86},"end":{"line":152,"column":92}}],"line":152},"2":{"loc":{"start":{"line":160,"column":13},"end":{"line":160,"column":65}},"type":"cond-expr","locations":[{"start":{"line":160,"column":43},"end":{"line":160,"column":61}},{"start":{"line":160,"column":64},"end":{"line":160,"column":65}}],"line":160}},"s":{"0":3,"1":0,"2":0,"3":0,"4":0,"5":0,"6":0,"7":0,"8":0,"9":0,"10":0,"11":0,"12":0,"13":0,"14":0,"15":0,"16":0,"17":0,"18":0,"19":0,"20":0,"21":0,"22":0,"23":3},"f":{"0":0,"1":0,"2":0,"3":0,"4":0,"5":0,"6":0,"7":0,"8":0,"9":0,"10":0},"b":{"0":[0,0,0,0,0,0,0,0],"1":[0,0],"2":[0,0]},"_coverageSchema":"332fd63041d2c1bcb487cc26dd0d5f7d97098a6c","hash":"f651bf36cfdb7a3387726135524f8e3ceb590731"}
,"/home/john/Documents/School/csce431/Dashboard/src/components/StartupGuide/StartupGuide.jsx": {"path":"/home/john/Documents/School/csce431/Dashboard/src/components/StartupGuide/StartupGuide.jsx","statementMap":{"0":{"start":{"line":12,"column":15},"end":{"line":20,"column":2}},"1":{"start":{"line":12,"column":25},"end":{"line":20,"column":1}},"2":{"start":{"line":24,"column":2},"end":{"line":40,"column":4}}},"fnMap":{"0":{"name":"(anonymous_0)","decl":{"start":{"line":12,"column":15},"end":{"line":12,"column":16}},"loc":{"start":{"line":12,"column":25},"end":{"line":20,"column":1}},"line":12},"1":{"name":"StartupGuide","decl":{"start":{"line":23,"column":9},"end":{"line":23,"column":21}},"loc":{"start":{"line":23,"column":29},"end":{"line":41,"column":1}},"line":23}},"branchMap":{},"s":{"0":4,"1":0,"2":0},"f":{"0":0,"1":0},"b":{},"_coverageSchema":"332fd63041d2c1bcb487cc26dd0d5f7d97098a6c","hash":"05f71bfad23561074af7e3f0be0f39baaab72dd3"}
,"/home/john/Documents/School/csce431/Dashboard/src/components/StartupGuide/index.js": {"path":"/home/john/Documents/School/csce431/Dashboard/src/components/StartupGuide/index.js","statementMap":{"0":{"start":{"line":1,"column":13},"end":{"line":1,"column":75}},"1":{"start":{"line":1,"column":95},"end":{"line":1,"column":124}},"2":{"start":{"line":1,"column":125},"end":{"line":1,"column":263}},"3":{"start":{"line":1,"column":205},"end":{"line":1,"column":258}},"4":{"start":{"line":1,"column":301},"end":{"line":1,"column":355}}},"fnMap":{"0":{"name":"(anonymous_0)","decl":{"start":{"line":1,"column":192},"end":{"line":1,"column":193}},"loc":{"start":{"line":1,"column":204},"end":{"line":1,"column":259}},"line":1},"1":{"name":"_interopRequireDefault","decl":{"start":{"line":1,"column":272},"end":{"line":1,"column":294}},"loc":{"start":{"line":1,"column":300},"end":{"line":1,"column":356}},"line":1}},"branchMap":{"0":{"loc":{"start":{"line":1,"column":308},"end":{"line":1,"column":354}},"type":"cond-expr","locations":[{"start":{"line":1,"column":332},"end":{"line":1,"column":335}},{"start":{"line":1,"column":338},"end":{"line":1,"column":354}}],"line":1},"1":{"loc":{"start":{"line":1,"column":308},"end":{"line":1,"column":329}},"type":"binary-expr","locations":[{"start":{"line":1,"column":308},"end":{"line":1,"column":311}},{"start":{"line":1,"column":315},"end":{"line":1,"column":329}}],"line":1}},"s":{"0":0,"1":0,"2":0,"3":0,"4":0},"f":{"0":0,"1":0},"b":{"0":[0,0],"1":[0,0]}}
}
